<?xml version="1.0" encoding="UTF-8"?>
<!-- Generated by org.testng.reporters.JUnitXMLReporter -->
<testsuite hostname="LAPTOP-D3528CHI" ignored="0" name="Test1" tests="3" failures="1" timestamp="19 Jun 2021 05:59:45 GMT" time="0.084" errors="0">
  <testcase name="@BeforeMethod bm" time="0.0" classname="Testpack.Night1">
    <failure type="org.testng.TestNGException" message="
Parameter &amp;apos;username&amp;apos; is required by BeforeMethod on method bm but has not been marked @Optional or defined
in C:\Users\ASUS\eclipse-workspace\TestNGTutorial\parallelexecution.xml">
      <![CDATA[org.testng.TestNGException: 
Parameter 'username' is required by BeforeMethod on method bm but has not been marked @Optional or defined
in C:\Users\ASUS\eclipse-workspace\TestNGTutorial\parallelexecution.xml
at java.util.concurrent.FutureTask.run(Unknown Source)
at java.util.concurrent.ThreadPoolExecutor.runWorker(Unknown Source)
at java.util.concurrent.ThreadPoolExecutor$Worker.run(Unknown Source)
at java.lang.Thread.run(Unknown Source)
... Removed 16 stack frames]]>
    </failure>
  </testcase> <!-- @BeforeMethod bm -->
  <testcase name="@AfterMethod am" time="0.0" classname="Testpack.Night1">
    <skipped/>
  </testcase> <!-- @AfterMethod am -->
  <testcase name="@BeforeMethod bm" time="0.0" classname="Testpack.Night1">
    <skipped/>
  </testcase> <!-- @BeforeMethod bm -->
  <testcase name="@AfterMethod am" time="0.0" classname="Testpack.Night1">
    <skipped/>
  </testcase> <!-- @AfterMethod am -->
  <testcase name="@BeforeMethod bm" time="0.0" classname="Testpack.Night1">
    <skipped/>
  </testcase> <!-- @BeforeMethod bm -->
  <testcase name="@AfterMethod am" time="0.0" classname="Testpack.Night1">
    <skipped/>
  </testcase> <!-- @AfterMethod am -->
  <testcase name="t1" time="0.012" classname="Testpack.Day2"/>
  <testcase name="t2" time="0.011" classname="Testpack.Day2">
    <failure type="java.lang.AssertionError" message="expected [true] but found [false]">
      <![CDATA[java.lang.AssertionError: expected [true] but found [false]
at Testpack.Day2.t2(Day2.java:35)
at java.util.concurrent.FutureTask.run(Unknown Source)
at java.util.concurrent.ThreadPoolExecutor.runWorker(Unknown Source)
at java.util.concurrent.ThreadPoolExecutor$Worker.run(Unknown Source)
at java.lang.Thread.run(Unknown Source)
... Removed 22 stack frames]]>
    </failure>
  </testcase> <!-- t2 -->
  <testcase name="t3" time="0.002" classname="Testpack.Day2"/>
</testsuite> <!-- Test1 -->
