<?xml version="1.0" encoding="UTF-8"?>
<!-- Generated by org.testng.reporters.JUnitXMLReporter -->
<testsuite hostname="LAPTOP-D3528CHI" ignored="0" name="Test" tests="15" failures="2" timestamp="19 Jun 2021 06:12:12 GMT" time="0.228" errors="0">
  <testcase name="@BeforeMethod bm" time="0.0" classname="Testpack.Night1">
    <failure type="org.testng.TestNGException" message="
Parameter &amp;apos;username&amp;apos; is required by BeforeMethod on method bm but has not been marked @Optional or defined
in C:\Users\ASUS\eclipse-workspace\TestNGTutorial\testng.xml">
      <![CDATA[org.testng.TestNGException: 
Parameter 'username' is required by BeforeMethod on method bm but has not been marked @Optional or defined
in C:\Users\ASUS\eclipse-workspace\TestNGTutorial\testng.xml
... Removed 25 stack frames]]>
    </failure>
  </testcase> <!-- @BeforeMethod bm -->
  <testcase name="@AfterMethod am" time="0.0" classname="Testpack.Night1">
    <skipped/>
  </testcase> <!-- @AfterMethod am -->
  <testcase name="@BeforeMethod bm" time="0.0" classname="Testpack.Night1">
    <skipped/>
  </testcase> <!-- @BeforeMethod bm -->
  <testcase name="@AfterMethod am" time="0.0" classname="Testpack.Night1">
    <skipped/>
  </testcase> <!-- @AfterMethod am -->
  <testcase name="@BeforeMethod bm" time="0.0" classname="Testpack.Night1">
    <skipped/>
  </testcase> <!-- @BeforeMethod bm -->
  <testcase name="@AfterMethod am" time="0.0" classname="Testpack.Night1">
    <skipped/>
  </testcase> <!-- @AfterMethod am -->
  <testcase name="t1" time="0.026" classname="Testpack.Listeners_demo">
    <failure type="java.lang.AssertionError" message="expected [false] but found [true]">
      <![CDATA[java.lang.AssertionError: expected [false] but found [true]
at Testpack.Listeners_demo.t1(Listeners_demo.java:30)
... Removed 31 stack frames]]>
    </failure>
  </testcase> <!-- t1 -->
  <testcase name="t2" time="0.003" classname="Testpack.Listeners_demo"/>
  <testcase name="t1" time="0.003" classname="Testpack.DataProvider_demo"/>
  <testcase name="t1" time="0.003" classname="Testpack.DataProvider_demo"/>
  <testcase name="t1" time="0.002" classname="Testpack.DataProvider_demo"/>
  <testcase name="t1" time="0.0" classname="Testpack.Night1">
    <skipped/>
  </testcase> <!-- t1 -->
  <testcase name="t2" time="0.0" classname="Testpack.Night1">
    <skipped/>
  </testcase> <!-- t2 -->
  <testcase name="t3" time="0.0" classname="Testpack.Night1">
    <skipped/>
  </testcase> <!-- t3 -->
  <testcase name="t1" time="0.004" classname="Testpack.Night2"/>
  <testcase name="t2" time="0.003" classname="Testpack.Night2"/>
  <testcase name="t1" time="0.002" classname="Testpack.Day2"/>
  <testcase name="t1" time="0.002" classname="Testpack.Day1"/>
  <testcase name="t2" time="0.002" classname="Testpack.Day1"/>
  <testcase name="t2" time="0.002" classname="Testpack.Day2">
    <failure type="java.lang.AssertionError" message="expected [true] but found [false]">
      <![CDATA[java.lang.AssertionError: expected [true] but found [false]
at Testpack.Day2.t2(Day2.java:35)
... Removed 31 stack frames]]>
    </failure>
  </testcase> <!-- t2 -->
  <testcase name="t3" time="0.002" classname="Testpack.Day2"/>
</testsuite> <!-- Test -->
