<?xml version="1.0" encoding="UTF-8"?>
<testng-results skipped="3" failed="2" ignored="0" total="15" passed="10">
  <reporter-output>
  </reporter-output>
  <suite name="Suite" duration-ms="228" started-at="2021-06-19T06:12:12Z" finished-at="2021-06-19T06:12:12Z">
    <groups>
      <group name="Smoke">
        <method signature="Day1.t1()[pri:0, instance:Testpack.Day1@482f8f11]" name="t1" class="Testpack.Day1"/>
        <method signature="Day2.t1()[pri:0, instance:Testpack.Day2@20e2cbe0]" name="t1" class="Testpack.Day2"/>
        <method signature="Day2.t3()[pri:2, instance:Testpack.Day2@20e2cbe0]" name="t3" class="Testpack.Day2"/>
        <method signature="Night1.t1()[pri:0, instance:Testpack.Night1@675d3402]" name="t1" class="Testpack.Night1"/>
        <method signature="Night1.t3()[pri:0, instance:Testpack.Night1@675d3402]" name="t3" class="Testpack.Night1"/>
      </group> <!-- Smoke -->
    </groups>
    <test name="Test" duration-ms="228" started-at="2021-06-19T06:12:12Z" finished-at="2021-06-19T06:12:12Z">
      <class name="Testpack.Listeners_demo">
        <test-method status="PASS" signature="bm()[pri:0, instance:Testpack.Listeners_demo@68be2bc2]" name="bm" is-config="true" duration-ms="1" started-at="2021-06-19T06:12:12Z" finished-at="2021-06-19T06:12:12Z">
          <reporter-output>
          </reporter-output>
        </test-method> <!-- bm -->
        <test-method status="FAIL" signature="t1()[pri:0, instance:Testpack.Listeners_demo@68be2bc2]" name="t1" duration-ms="26" started-at="2021-06-19T06:12:12Z" finished-at="2021-06-19T06:12:12Z">
          <exception class="java.lang.AssertionError">
            <message>
              <![CDATA[expected [false] but found [true]]]>
            </message>
            <full-stacktrace>
              <![CDATA[java.lang.AssertionError: expected [false] but found [true]
at org.testng.Assert.fail(Assert.java:96)
at org.testng.Assert.failNotEquals(Assert.java:776)
at org.testng.Assert.assertEqualsImpl(Assert.java:137)
at org.testng.Assert.assertEquals(Assert.java:118)
at org.testng.Assert.assertEquals(Assert.java:568)
at org.testng.Assert.assertEquals(Assert.java:578)
at Testpack.Listeners_demo.t1(Listeners_demo.java:30)
at sun.reflect.NativeMethodAccessorImpl.invoke0(Native Method)
at sun.reflect.NativeMethodAccessorImpl.invoke(Unknown Source)
at sun.reflect.DelegatingMethodAccessorImpl.invoke(Unknown Source)
at java.lang.reflect.Method.invoke(Unknown Source)
at org.testng.internal.MethodInvocationHelper.invokeMethod(MethodInvocationHelper.java:124)
at org.testng.internal.Invoker.invokeMethod(Invoker.java:583)
at org.testng.internal.Invoker.invokeTestMethod(Invoker.java:719)
at org.testng.internal.Invoker.invokeTestMethods(Invoker.java:989)
at org.testng.internal.TestMethodWorker.invokeTestMethods(TestMethodWorker.java:125)
at org.testng.internal.TestMethodWorker.run(TestMethodWorker.java:109)
at org.testng.TestRunner.privateRun(TestRunner.java:648)
at org.testng.TestRunner.run(TestRunner.java:505)
at org.testng.SuiteRunner.runTest(SuiteRunner.java:455)
at org.testng.SuiteRunner.runSequentially(SuiteRunner.java:450)
at org.testng.SuiteRunner.privateRun(SuiteRunner.java:415)
at org.testng.SuiteRunner.run(SuiteRunner.java:364)
at org.testng.SuiteRunnerWorker.runSuite(SuiteRunnerWorker.java:52)
at org.testng.SuiteRunnerWorker.run(SuiteRunnerWorker.java:84)
at org.testng.TestNG.runSuitesSequentially(TestNG.java:1208)
at org.testng.TestNG.runSuitesLocally(TestNG.java:1137)
at org.testng.TestNG.runSuites(TestNG.java:1049)
at org.testng.TestNG.run(TestNG.java:1017)
at org.testng.remote.AbstractRemoteTestNG.run(AbstractRemoteTestNG.java:115)
at org.testng.remote.RemoteTestNG.initAndRun(RemoteTestNG.java:251)
at org.testng.remote.RemoteTestNG.main(RemoteTestNG.java:77)
]]>
            </full-stacktrace>
          </exception> <!-- java.lang.AssertionError -->
          <reporter-output>
          </reporter-output>
        </test-method> <!-- t1 -->
        <test-method status="PASS" signature="am()[pri:0, instance:Testpack.Listeners_demo@68be2bc2]" name="am" is-config="true" duration-ms="1" started-at="2021-06-19T06:12:12Z" finished-at="2021-06-19T06:12:12Z">
          <reporter-output>
          </reporter-output>
        </test-method> <!-- am -->
        <test-method status="PASS" signature="bm()[pri:0, instance:Testpack.Listeners_demo@68be2bc2]" name="bm" is-config="true" duration-ms="1" started-at="2021-06-19T06:12:12Z" finished-at="2021-06-19T06:12:12Z">
          <reporter-output>
          </reporter-output>
        </test-method> <!-- bm -->
        <test-method status="PASS" signature="t2()[pri:0, instance:Testpack.Listeners_demo@68be2bc2]" name="t2" duration-ms="3" started-at="2021-06-19T06:12:12Z" finished-at="2021-06-19T06:12:12Z">
          <reporter-output>
          </reporter-output>
        </test-method> <!-- t2 -->
        <test-method status="PASS" signature="am()[pri:0, instance:Testpack.Listeners_demo@68be2bc2]" name="am" is-config="true" duration-ms="0" started-at="2021-06-19T06:12:12Z" finished-at="2021-06-19T06:12:12Z">
          <reporter-output>
          </reporter-output>
        </test-method> <!-- am -->
      </class> <!-- Testpack.Listeners_demo -->
      <class name="Testpack.DataProvider_demo">
        <test-method status="PASS" signature="t1(java.lang.String, java.lang.String)[pri:0, instance:Testpack.DataProvider_demo@28feb3fa]" name="t1" duration-ms="3" started-at="2021-06-19T06:12:12Z" data-provider="getdata" finished-at="2021-06-19T06:12:12Z">
          <params>
            <param index="0">
              <value>
                <![CDATA[1st Username]]>
              </value>
            </param>
            <param index="1">
              <value>
                <![CDATA[1st password]]>
              </value>
            </param>
          </params>
          <reporter-output>
          </reporter-output>
        </test-method> <!-- t1 -->
        <test-method status="PASS" signature="t1(java.lang.String, java.lang.String)[pri:0, instance:Testpack.DataProvider_demo@28feb3fa]" name="t1" duration-ms="3" started-at="2021-06-19T06:12:12Z" data-provider="getdata" finished-at="2021-06-19T06:12:12Z">
          <params>
            <param index="0">
              <value>
                <![CDATA[2nd Username]]>
              </value>
            </param>
            <param index="1">
              <value>
                <![CDATA[2nd password]]>
              </value>
            </param>
          </params>
          <reporter-output>
          </reporter-output>
        </test-method> <!-- t1 -->
        <test-method status="PASS" signature="t1(java.lang.String, java.lang.String)[pri:0, instance:Testpack.DataProvider_demo@28feb3fa]" name="t1" duration-ms="2" started-at="2021-06-19T06:12:12Z" data-provider="getdata" finished-at="2021-06-19T06:12:12Z">
          <params>
            <param index="0">
              <value>
                <![CDATA[3rd Username]]>
              </value>
            </param>
            <param index="1">
              <value>
                <![CDATA[3rd password]]>
              </value>
            </param>
          </params>
          <reporter-output>
          </reporter-output>
        </test-method> <!-- t1 -->
      </class> <!-- Testpack.DataProvider_demo -->
      <class name="Testpack.Day1">
        <test-method status="PASS" signature="t1()[pri:0, instance:Testpack.Day1@482f8f11]" name="t1" duration-ms="2" started-at="2021-06-19T06:12:12Z" finished-at="2021-06-19T06:12:12Z">
          <reporter-output>
          </reporter-output>
        </test-method> <!-- t1 -->
        <test-method status="PASS" signature="t2()[pri:0, instance:Testpack.Day1@482f8f11]" name="t2" duration-ms="2" started-at="2021-06-19T06:12:12Z" finished-at="2021-06-19T06:12:12Z">
          <reporter-output>
          </reporter-output>
        </test-method> <!-- t2 -->
      </class> <!-- Testpack.Day1 -->
      <class name="Testpack.Day2">
        <test-method status="PASS" signature="bt()[pri:0, instance:Testpack.Day2@20e2cbe0]" name="bt" is-config="true" duration-ms="18" started-at="2021-06-19T06:12:12Z" finished-at="2021-06-19T06:12:12Z">
          <reporter-output>
          </reporter-output>
        </test-method> <!-- bt -->
        <test-method status="PASS" signature="t1()[pri:0, instance:Testpack.Day2@20e2cbe0]" name="t1" duration-ms="2" started-at="2021-06-19T06:12:12Z" finished-at="2021-06-19T06:12:12Z">
          <reporter-output>
          </reporter-output>
        </test-method> <!-- t1 -->
        <test-method status="FAIL" signature="t2()[pri:1, instance:Testpack.Day2@20e2cbe0]" name="t2" duration-ms="2" started-at="2021-06-19T06:12:12Z" finished-at="2021-06-19T06:12:12Z">
          <exception class="java.lang.AssertionError">
            <message>
              <![CDATA[expected [true] but found [false]]]>
            </message>
            <full-stacktrace>
              <![CDATA[java.lang.AssertionError: expected [true] but found [false]
at org.testng.Assert.fail(Assert.java:96)
at org.testng.Assert.failNotEquals(Assert.java:776)
at org.testng.Assert.assertEqualsImpl(Assert.java:137)
at org.testng.Assert.assertEquals(Assert.java:118)
at org.testng.Assert.assertEquals(Assert.java:568)
at org.testng.Assert.assertEquals(Assert.java:578)
at Testpack.Day2.t2(Day2.java:35)
at sun.reflect.NativeMethodAccessorImpl.invoke0(Native Method)
at sun.reflect.NativeMethodAccessorImpl.invoke(Unknown Source)
at sun.reflect.DelegatingMethodAccessorImpl.invoke(Unknown Source)
at java.lang.reflect.Method.invoke(Unknown Source)
at org.testng.internal.MethodInvocationHelper.invokeMethod(MethodInvocationHelper.java:124)
at org.testng.internal.Invoker.invokeMethod(Invoker.java:583)
at org.testng.internal.Invoker.invokeTestMethod(Invoker.java:719)
at org.testng.internal.Invoker.invokeTestMethods(Invoker.java:989)
at org.testng.internal.TestMethodWorker.invokeTestMethods(TestMethodWorker.java:125)
at org.testng.internal.TestMethodWorker.run(TestMethodWorker.java:109)
at org.testng.TestRunner.privateRun(TestRunner.java:648)
at org.testng.TestRunner.run(TestRunner.java:505)
at org.testng.SuiteRunner.runTest(SuiteRunner.java:455)
at org.testng.SuiteRunner.runSequentially(SuiteRunner.java:450)
at org.testng.SuiteRunner.privateRun(SuiteRunner.java:415)
at org.testng.SuiteRunner.run(SuiteRunner.java:364)
at org.testng.SuiteRunnerWorker.runSuite(SuiteRunnerWorker.java:52)
at org.testng.SuiteRunnerWorker.run(SuiteRunnerWorker.java:84)
at org.testng.TestNG.runSuitesSequentially(TestNG.java:1208)
at org.testng.TestNG.runSuitesLocally(TestNG.java:1137)
at org.testng.TestNG.runSuites(TestNG.java:1049)
at org.testng.TestNG.run(TestNG.java:1017)
at org.testng.remote.AbstractRemoteTestNG.run(AbstractRemoteTestNG.java:115)
at org.testng.remote.RemoteTestNG.initAndRun(RemoteTestNG.java:251)
at org.testng.remote.RemoteTestNG.main(RemoteTestNG.java:77)
]]>
            </full-stacktrace>
          </exception> <!-- java.lang.AssertionError -->
          <reporter-output>
          </reporter-output>
        </test-method> <!-- t2 -->
        <test-method status="PASS" signature="t3()[pri:2, instance:Testpack.Day2@20e2cbe0]" name="t3" duration-ms="2" started-at="2021-06-19T06:12:12Z" finished-at="2021-06-19T06:12:12Z">
          <reporter-output>
          </reporter-output>
        </test-method> <!-- t3 -->
        <test-method status="PASS" signature="at()[pri:0, instance:Testpack.Day2@20e2cbe0]" name="at" is-config="true" duration-ms="0" started-at="2021-06-19T06:12:12Z" finished-at="2021-06-19T06:12:12Z">
          <reporter-output>
          </reporter-output>
        </test-method> <!-- at -->
      </class> <!-- Testpack.Day2 -->
      <class name="Testpack.Night2">
        <test-method status="PASS" signature="bc()[pri:0, instance:Testpack.Night2@51565ec2]" name="bc" is-config="true" duration-ms="1" started-at="2021-06-19T06:12:12Z" finished-at="2021-06-19T06:12:12Z">
          <reporter-output>
          </reporter-output>
        </test-method> <!-- bc -->
        <test-method status="PASS" signature="t1()[pri:0, instance:Testpack.Night2@51565ec2]" name="t1" duration-ms="4" started-at="2021-06-19T06:12:12Z" finished-at="2021-06-19T06:12:12Z">
          <reporter-output>
          </reporter-output>
        </test-method> <!-- t1 -->
        <test-method status="PASS" signature="t2()[pri:0, instance:Testpack.Night2@51565ec2]" name="t2" duration-ms="3" started-at="2021-06-19T06:12:12Z" finished-at="2021-06-19T06:12:12Z">
          <reporter-output>
          </reporter-output>
        </test-method> <!-- t2 -->
        <test-method status="PASS" signature="ac()[pri:0, instance:Testpack.Night2@51565ec2]" name="ac" is-config="true" duration-ms="1" started-at="2021-06-19T06:12:12Z" finished-at="2021-06-19T06:12:12Z">
          <reporter-output>
          </reporter-output>
        </test-method> <!-- ac -->
      </class> <!-- Testpack.Night2 -->
      <class name="Testpack.Night1">
        <test-method status="FAIL" signature="bm(java.lang.String, java.lang.String)[pri:0, instance:Testpack.Night1@675d3402]" name="bm" is-config="true" duration-ms="0" started-at="2021-06-19T06:12:12Z" finished-at="2021-06-19T06:12:12Z">
          <exception class="org.testng.TestNGException">
            <message>
              <![CDATA[
Parameter 'username' is required by BeforeMethod on method bm but has not been marked @Optional or defined
in C:\Users\ASUS\eclipse-workspace\TestNGTutorial\testng.xml]]>
            </message>
            <full-stacktrace>
              <![CDATA[org.testng.TestNGException: 
Parameter 'username' is required by BeforeMethod on method bm but has not been marked @Optional or defined
in C:\Users\ASUS\eclipse-workspace\TestNGTutorial\testng.xml
at org.testng.internal.Parameters.createParams(Parameters.java:290)
at org.testng.internal.Parameters.createParametersForMethod(Parameters.java:359)
at org.testng.internal.Parameters.createParameters(Parameters.java:620)
at org.testng.internal.Parameters.createConfigurationParameters(Parameters.java:190)
at org.testng.internal.Invoker.invokeConfigurations(Invoker.java:209)
at org.testng.internal.Invoker.invokeMethod(Invoker.java:523)
at org.testng.internal.Invoker.invokeTestMethod(Invoker.java:719)
at org.testng.internal.Invoker.invokeTestMethods(Invoker.java:989)
at org.testng.internal.TestMethodWorker.invokeTestMethods(TestMethodWorker.java:125)
at org.testng.internal.TestMethodWorker.run(TestMethodWorker.java:109)
at org.testng.TestRunner.privateRun(TestRunner.java:648)
at org.testng.TestRunner.run(TestRunner.java:505)
at org.testng.SuiteRunner.runTest(SuiteRunner.java:455)
at org.testng.SuiteRunner.runSequentially(SuiteRunner.java:450)
at org.testng.SuiteRunner.privateRun(SuiteRunner.java:415)
at org.testng.SuiteRunner.run(SuiteRunner.java:364)
at org.testng.SuiteRunnerWorker.runSuite(SuiteRunnerWorker.java:52)
at org.testng.SuiteRunnerWorker.run(SuiteRunnerWorker.java:84)
at org.testng.TestNG.runSuitesSequentially(TestNG.java:1208)
at org.testng.TestNG.runSuitesLocally(TestNG.java:1137)
at org.testng.TestNG.runSuites(TestNG.java:1049)
at org.testng.TestNG.run(TestNG.java:1017)
at org.testng.remote.AbstractRemoteTestNG.run(AbstractRemoteTestNG.java:115)
at org.testng.remote.RemoteTestNG.initAndRun(RemoteTestNG.java:251)
at org.testng.remote.RemoteTestNG.main(RemoteTestNG.java:77)
]]>
            </full-stacktrace>
          </exception> <!-- org.testng.TestNGException -->
          <reporter-output>
          </reporter-output>
        </test-method> <!-- bm -->
        <test-method status="SKIP" signature="t1()[pri:0, instance:Testpack.Night1@675d3402]" name="t1" duration-ms="0" started-at="2021-06-19T06:12:12Z" finished-at="2021-06-19T06:12:12Z">
          <exception class="org.testng.TestNGException">
            <message>
              <![CDATA[
Parameter 'username' is required by BeforeMethod on method bm but has not been marked @Optional or defined
in C:\Users\ASUS\eclipse-workspace\TestNGTutorial\testng.xml]]>
            </message>
            <full-stacktrace>
              <![CDATA[org.testng.TestNGException: 
Parameter 'username' is required by BeforeMethod on method bm but has not been marked @Optional or defined
in C:\Users\ASUS\eclipse-workspace\TestNGTutorial\testng.xml
at org.testng.internal.Parameters.createParams(Parameters.java:290)
at org.testng.internal.Parameters.createParametersForMethod(Parameters.java:359)
at org.testng.internal.Parameters.createParameters(Parameters.java:620)
at org.testng.internal.Parameters.createConfigurationParameters(Parameters.java:190)
at org.testng.internal.Invoker.invokeConfigurations(Invoker.java:209)
at org.testng.internal.Invoker.invokeMethod(Invoker.java:523)
at org.testng.internal.Invoker.invokeTestMethod(Invoker.java:719)
at org.testng.internal.Invoker.invokeTestMethods(Invoker.java:989)
at org.testng.internal.TestMethodWorker.invokeTestMethods(TestMethodWorker.java:125)
at org.testng.internal.TestMethodWorker.run(TestMethodWorker.java:109)
at org.testng.TestRunner.privateRun(TestRunner.java:648)
at org.testng.TestRunner.run(TestRunner.java:505)
at org.testng.SuiteRunner.runTest(SuiteRunner.java:455)
at org.testng.SuiteRunner.runSequentially(SuiteRunner.java:450)
at org.testng.SuiteRunner.privateRun(SuiteRunner.java:415)
at org.testng.SuiteRunner.run(SuiteRunner.java:364)
at org.testng.SuiteRunnerWorker.runSuite(SuiteRunnerWorker.java:52)
at org.testng.SuiteRunnerWorker.run(SuiteRunnerWorker.java:84)
at org.testng.TestNG.runSuitesSequentially(TestNG.java:1208)
at org.testng.TestNG.runSuitesLocally(TestNG.java:1137)
at org.testng.TestNG.runSuites(TestNG.java:1049)
at org.testng.TestNG.run(TestNG.java:1017)
at org.testng.remote.AbstractRemoteTestNG.run(AbstractRemoteTestNG.java:115)
at org.testng.remote.RemoteTestNG.initAndRun(RemoteTestNG.java:251)
at org.testng.remote.RemoteTestNG.main(RemoteTestNG.java:77)
]]>
            </full-stacktrace>
          </exception> <!-- org.testng.TestNGException -->
          <reporter-output>
          </reporter-output>
        </test-method> <!-- t1 -->
        <test-method status="SKIP" signature="am()[pri:0, instance:Testpack.Night1@675d3402]" name="am" is-config="true" duration-ms="0" started-at="2021-06-19T06:12:12Z" finished-at="2021-06-19T06:12:12Z">
          <reporter-output>
          </reporter-output>
        </test-method> <!-- am -->
        <test-method status="SKIP" signature="bm(java.lang.String, java.lang.String)[pri:0, instance:Testpack.Night1@675d3402]" name="bm" is-config="true" duration-ms="0" started-at="2021-06-19T06:12:12Z" finished-at="2021-06-19T06:12:12Z">
          <reporter-output>
          </reporter-output>
        </test-method> <!-- bm -->
        <test-method status="SKIP" signature="t2()[pri:0, instance:Testpack.Night1@675d3402]" name="t2" duration-ms="0" started-at="2021-06-19T06:12:12Z" finished-at="2021-06-19T06:12:12Z">
          <exception class="org.testng.TestNGException">
            <message>
              <![CDATA[
Parameter 'username' is required by BeforeMethod on method bm but has not been marked @Optional or defined
in C:\Users\ASUS\eclipse-workspace\TestNGTutorial\testng.xml]]>
            </message>
            <full-stacktrace>
              <![CDATA[org.testng.TestNGException: 
Parameter 'username' is required by BeforeMethod on method bm but has not been marked @Optional or defined
in C:\Users\ASUS\eclipse-workspace\TestNGTutorial\testng.xml
at org.testng.internal.Parameters.createParams(Parameters.java:290)
at org.testng.internal.Parameters.createParametersForMethod(Parameters.java:359)
at org.testng.internal.Parameters.createParameters(Parameters.java:620)
at org.testng.internal.Parameters.createConfigurationParameters(Parameters.java:190)
at org.testng.internal.Invoker.invokeConfigurations(Invoker.java:209)
at org.testng.internal.Invoker.invokeMethod(Invoker.java:523)
at org.testng.internal.Invoker.invokeTestMethod(Invoker.java:719)
at org.testng.internal.Invoker.invokeTestMethods(Invoker.java:989)
at org.testng.internal.TestMethodWorker.invokeTestMethods(TestMethodWorker.java:125)
at org.testng.internal.TestMethodWorker.run(TestMethodWorker.java:109)
at org.testng.TestRunner.privateRun(TestRunner.java:648)
at org.testng.TestRunner.run(TestRunner.java:505)
at org.testng.SuiteRunner.runTest(SuiteRunner.java:455)
at org.testng.SuiteRunner.runSequentially(SuiteRunner.java:450)
at org.testng.SuiteRunner.privateRun(SuiteRunner.java:415)
at org.testng.SuiteRunner.run(SuiteRunner.java:364)
at org.testng.SuiteRunnerWorker.runSuite(SuiteRunnerWorker.java:52)
at org.testng.SuiteRunnerWorker.run(SuiteRunnerWorker.java:84)
at org.testng.TestNG.runSuitesSequentially(TestNG.java:1208)
at org.testng.TestNG.runSuitesLocally(TestNG.java:1137)
at org.testng.TestNG.runSuites(TestNG.java:1049)
at org.testng.TestNG.run(TestNG.java:1017)
at org.testng.remote.AbstractRemoteTestNG.run(AbstractRemoteTestNG.java:115)
at org.testng.remote.RemoteTestNG.initAndRun(RemoteTestNG.java:251)
at org.testng.remote.RemoteTestNG.main(RemoteTestNG.java:77)
]]>
            </full-stacktrace>
          </exception> <!-- org.testng.TestNGException -->
          <reporter-output>
          </reporter-output>
        </test-method> <!-- t2 -->
        <test-method status="SKIP" signature="am()[pri:0, instance:Testpack.Night1@675d3402]" name="am" is-config="true" duration-ms="0" started-at="2021-06-19T06:12:12Z" finished-at="2021-06-19T06:12:12Z">
          <reporter-output>
          </reporter-output>
        </test-method> <!-- am -->
        <test-method status="SKIP" signature="bm(java.lang.String, java.lang.String)[pri:0, instance:Testpack.Night1@675d3402]" name="bm" is-config="true" duration-ms="0" started-at="2021-06-19T06:12:12Z" finished-at="2021-06-19T06:12:12Z">
          <reporter-output>
          </reporter-output>
        </test-method> <!-- bm -->
        <test-method status="SKIP" signature="t3()[pri:0, instance:Testpack.Night1@675d3402]" name="t3" duration-ms="0" started-at="2021-06-19T06:12:12Z" finished-at="2021-06-19T06:12:12Z">
          <exception class="org.testng.TestNGException">
            <message>
              <![CDATA[
Parameter 'username' is required by BeforeMethod on method bm but has not been marked @Optional or defined
in C:\Users\ASUS\eclipse-workspace\TestNGTutorial\testng.xml]]>
            </message>
            <full-stacktrace>
              <![CDATA[org.testng.TestNGException: 
Parameter 'username' is required by BeforeMethod on method bm but has not been marked @Optional or defined
in C:\Users\ASUS\eclipse-workspace\TestNGTutorial\testng.xml
at org.testng.internal.Parameters.createParams(Parameters.java:290)
at org.testng.internal.Parameters.createParametersForMethod(Parameters.java:359)
at org.testng.internal.Parameters.createParameters(Parameters.java:620)
at org.testng.internal.Parameters.createConfigurationParameters(Parameters.java:190)
at org.testng.internal.Invoker.invokeConfigurations(Invoker.java:209)
at org.testng.internal.Invoker.invokeMethod(Invoker.java:523)
at org.testng.internal.Invoker.invokeTestMethod(Invoker.java:719)
at org.testng.internal.Invoker.invokeTestMethods(Invoker.java:989)
at org.testng.internal.TestMethodWorker.invokeTestMethods(TestMethodWorker.java:125)
at org.testng.internal.TestMethodWorker.run(TestMethodWorker.java:109)
at org.testng.TestRunner.privateRun(TestRunner.java:648)
at org.testng.TestRunner.run(TestRunner.java:505)
at org.testng.SuiteRunner.runTest(SuiteRunner.java:455)
at org.testng.SuiteRunner.runSequentially(SuiteRunner.java:450)
at org.testng.SuiteRunner.privateRun(SuiteRunner.java:415)
at org.testng.SuiteRunner.run(SuiteRunner.java:364)
at org.testng.SuiteRunnerWorker.runSuite(SuiteRunnerWorker.java:52)
at org.testng.SuiteRunnerWorker.run(SuiteRunnerWorker.java:84)
at org.testng.TestNG.runSuitesSequentially(TestNG.java:1208)
at org.testng.TestNG.runSuitesLocally(TestNG.java:1137)
at org.testng.TestNG.runSuites(TestNG.java:1049)
at org.testng.TestNG.run(TestNG.java:1017)
at org.testng.remote.AbstractRemoteTestNG.run(AbstractRemoteTestNG.java:115)
at org.testng.remote.RemoteTestNG.initAndRun(RemoteTestNG.java:251)
at org.testng.remote.RemoteTestNG.main(RemoteTestNG.java:77)
]]>
            </full-stacktrace>
          </exception> <!-- org.testng.TestNGException -->
          <reporter-output>
          </reporter-output>
        </test-method> <!-- t3 -->
        <test-method status="SKIP" signature="am()[pri:0, instance:Testpack.Night1@675d3402]" name="am" is-config="true" duration-ms="0" started-at="2021-06-19T06:12:12Z" finished-at="2021-06-19T06:12:12Z">
          <reporter-output>
          </reporter-output>
        </test-method> <!-- am -->
      </class> <!-- Testpack.Night1 -->
    </test> <!-- Test -->
  </suite> <!-- Suite -->
</testng-results>
